   Compiling local_oauth_client v0.0.1 (/home/bcow/git/local-oauth-client)
   Compiling glitchy v0.0.1 (/home/bcow/git/glitchy)
    Finished dev [unoptimized + debuginfo] target(s) in 6.04s
     Running `target/debug/glitchy bobross`
 INFO  glitchy > Begin authentication
 DEBUG local_oauth_client::local_client > TokenStore { token: Some(Token { token_type: "bearer", access_token: "yx7id9jehw5k26v37w6sf9wvznp2za", scopes: [], expires_in: Some(15119), refresh_token: Some("yufv6krwc95579mu46jrgbn8mwfdhqheke4uyftymnkqcx7bqm") }), timestamp: 1564258558 }
 DEBUG local_oauth_client::local_client > Cached token is still valid.
 DEBUG hyper::client::connect::dns      > resolving host="api.twitch.tv"
 DEBUG hyper::client::connect::http     > connecting to 2.19.11.58:443
 DEBUG tokio_reactor                    > adding I/O source: 0
 DEBUG tokio_reactor::registration      > scheduling Write for: 0
 DEBUG hyper::client::connect::http     > connected to Some(V4(2.19.11.58:443))
 DEBUG tokio_reactor::registration      > scheduling Read for: 0
 DEBUG tokio_reactor::registration      > scheduling Read for: 0
 DEBUG tokio_reactor::registration      > scheduling Read for: 0
 DEBUG tokio_reactor::registration      > scheduling Read for: 0
 DEBUG tokio_reactor::registration      > scheduling Read for: 0
 DEBUG tokio_reactor::registration      > scheduling Read for: 0
 DEBUG tokio_reactor::registration      > scheduling Read for: 0
 DEBUG hyper::proto::h1::io             > flushed 168 bytes
 DEBUG hyper::proto::h1::io             > read 726 bytes
 DEBUG hyper::proto::h1::io             > parsed 13 headers
 DEBUG hyper::proto::h1::conn           > incoming body is content-length (311 bytes)
 DEBUG hyper::proto::h1::conn           > incoming body completed
 DEBUG tokio_reactor::registration      > scheduling Read for: 0
 DEBUG tokio_reactor::registration      > scheduling Read for: 0
 DEBUG tokio_reactor::registration      > scheduling Read for: 0
 DEBUG hyper::client::pool              > pooling idle connection for "https://api.twitch.tv"
 DEBUG reqwest::async_impl::response    > Response: '200 OK' for https://api.twitch.tv/helix/users
 DEBUG glitchy                          > TwitchUserAPIResponse { data: [TwitchUserAPIUser { id: "94523714", login: "bcow83", display_name: "bcow83", type: "", broadcaster_type: "", description: "", profile_image_url: "https://static-cdn.jtvnw.net/jtv_user_pictures/bf62f3aa-0984-4b6c-a055-27172ac09e03-profile_image-300x300.jpg", offline_image_url: "", view_count: 30, email: "bcow@iki.fi" }] }
 INFO  glitchy                          > Twitch user 'bcow83' authenticated succesfully.
 DEBUG tokio_reactor::registration      > scheduling Read for: 0
 DEBUG tokio_reactor::registration      > scheduling Read for: 0
 DEBUG cursive::views::linear_layout    > Req: XY { x: 234, y: 51 }
 DEBUG cursive::views::linear_layout    > Ideal sizes: [XY { x: 0, y: 0 }, XY { x: 1, y: 1 }]
 DEBUG cursive::views::linear_layout    > Ideal result: XY { x: 1, y: 1 }
 DEBUG cursive::views::linear_layout    > Req: XY { x: 10, y: 1 }
 DEBUG cursive::views::linear_layout    > Ideal sizes: [XY { x: 0, y: 0 }, XY { x: 1, y: 1 }]
 DEBUG cursive::views::linear_layout    > Ideal result: XY { x: 1, y: 1 }
 DEBUG cursive::views::linear_layout    > Req: XY { x: 234, y: 51 }
 DEBUG cursive::views::linear_layout    > Ideal sizes: [XY { x: 0, y: 0 }, XY { x: 1, y: 1 }]
 DEBUG cursive::views::linear_layout    > Ideal result: XY { x: 1, y: 1 }
 DEBUG cursive::views::linear_layout    > Req: XY { x: 10, y: 1 }
 DEBUG cursive::views::linear_layout    > Ideal sizes: [XY { x: 0, y: 0 }, XY { x: 1, y: 1 }]
 DEBUG cursive::views::linear_layout    > Ideal result: XY { x: 1, y: 1 }
 DEBUG cursive::views::linear_layout    > Req: XY { x: 234, y: 51 }
 DEBUG cursive::views::linear_layout    > Ideal sizes: [XY { x: 0, y: 0 }, XY { x: 1, y: 1 }]
 DEBUG cursive::views::linear_layout    > Ideal result: XY { x: 1, y: 1 }
 DEBUG cursive::views::linear_layout    > Req: XY { x: 10, y: 1 }
 DEBUG cursive::views::linear_layout    > Ideal sizes: [XY { x: 0, y: 0 }, XY { x: 1, y: 1 }]
 DEBUG cursive::views::linear_layout    > Ideal result: XY { x: 1, y: 1 }
 DEBUG cursive::views::linear_layout    > Req: XY { x: 234, y: 51 }
 DEBUG cursive::views::linear_layout    > Ideal sizes: [XY { x: 0, y: 0 }, XY { x: 1, y: 1 }]
 DEBUG cursive::views::linear_layout    > Ideal result: XY { x: 1, y: 1 }
 DEBUG cursive::views::linear_layout    > Req: XY { x: 10, y: 1 }
 DEBUG cursive::views::linear_layout    > Ideal sizes: [XY { x: 0, y: 0 }, XY { x: 1, y: 1 }]
 DEBUG cursive::views::linear_layout    > Ideal result: XY { x: 1, y: 1 }
 DEBUG cursive::views::linear_layout    > Req: XY { x: 234, y: 51 }
 DEBUG cursive::views::linear_layout    > Ideal sizes: [XY { x: 0, y: 0 }, XY { x: 1, y: 1 }]
 DEBUG cursive::views::linear_layout    > Ideal result: XY { x: 1, y: 1 }
 DEBUG cursive::views::linear_layout    > Req: XY { x: 10, y: 1 }
 DEBUG cursive::views::linear_layout    > Ideal sizes: [XY { x: 0, y: 0 }, XY { x: 1, y: 1 }]
 DEBUG cursive::views::linear_layout    > Ideal result: XY { x: 1, y: 1 }
 DEBUG cursive::views::linear_layout    > Req: XY { x: 234, y: 51 }
 DEBUG cursive::views::linear_layout    > Ideal sizes: [XY { x: 0, y: 0 }, XY { x: 1, y: 1 }]
 DEBUG cursive::views::linear_layout    > Ideal result: XY { x: 1, y: 1 }
 DEBUG cursive::views::linear_layout    > Req: XY { x: 10, y: 1 }
 DEBUG cursive::views::linear_layout    > Ideal sizes: [XY { x: 0, y: 0 }, XY { x: 1, y: 1 }]
 DEBUG cursive::views::linear_layout    > Ideal result: XY { x: 1, y: 1 }
 DEBUG cursive::views::linear_layout    > Req: XY { x: 234, y: 51 }
 DEBUG cursive::views::linear_layout    > Ideal sizes: [XY { x: 0, y: 0 }, XY { x: 1, y: 1 }]
 DEBUG cursive::views::linear_layout    > Ideal result: XY { x: 1, y: 1 }
 DEBUG cursive::views::linear_layout    > Req: XY { x: 10, y: 1 }
 DEBUG cursive::views::linear_layout    > Ideal sizes: [XY { x: 0, y: 0 }, XY { x: 1, y: 1 }]
 DEBUG cursive::views::linear_layout    > Ideal result: XY { x: 1, y: 1 }
 DEBUG cursive::views::linear_layout    > Req: XY { x: 234, y: 51 }
 DEBUG cursive::views::linear_layout    > Ideal sizes: [XY { x: 0, y: 0 }, XY { x: 1, y: 1 }]
 DEBUG cursive::views::linear_layout    > Ideal result: XY { x: 1, y: 1 }
 DEBUG cursive::views::linear_layout    > Req: XY { x: 10, y: 1 }
 DEBUG cursive::views::linear_layout    > Ideal sizes: [XY { x: 0, y: 0 }, XY { x: 1, y: 1 }]
 DEBUG cursive::views::linear_layout    > Ideal result: XY { x: 1, y: 1 }
 DEBUG cursive::views::linear_layout    > Req: XY { x: 234, y: 51 }
 DEBUG cursive::views::linear_layout    > Ideal sizes: [XY { x: 0, y: 0 }, XY { x: 1, y: 1 }]
 DEBUG cursive::views::linear_layout    > Ideal result: XY { x: 1, y: 1 }
 DEBUG cursive::views::linear_layout    > Req: XY { x: 10, y: 1 }
 DEBUG cursive::views::linear_layout    > Ideal sizes: [XY { x: 0, y: 0 }, XY { x: 1, y: 1 }]
 DEBUG cursive::views::linear_layout    > Ideal result: XY { x: 1, y: 1 }
 DEBUG cursive::views::linear_layout    > Req: XY { x: 234, y: 51 }
 DEBUG cursive::views::linear_layout    > Ideal sizes: [XY { x: 0, y: 0 }, XY { x: 1, y: 1 }]
 DEBUG cursive::views::linear_layout    > Ideal result: XY { x: 1, y: 1 }
 DEBUG cursive::views::linear_layout    > Req: XY { x: 10, y: 1 }
 DEBUG cursive::views::linear_layout    > Ideal sizes: [XY { x: 0, y: 0 }, XY { x: 1, y: 1 }]
 DEBUG cursive::views::linear_layout    > Ideal result: XY { x: 1, y: 1 }
 DEBUG cursive::views::linear_layout    > Req: XY { x: 234, y: 51 }
 DEBUG cursive::views::linear_layout    > Ideal sizes: [XY { x: 0, y: 0 }, XY { x: 1, y: 1 }]
 DEBUG cursive::views::linear_layout    > Ideal result: XY { x: 1, y: 1 }
 DEBUG cursive::views::linear_layout    > Req: XY { x: 10, y: 1 }
 DEBUG cursive::views::linear_layout    > Ideal sizes: [XY { x: 0, y: 0 }, XY { x: 1, y: 1 }]
 DEBUG cursive::views::linear_layout    > Ideal result: XY { x: 1, y: 1 }
 DEBUG cursive::views::linear_layout    > Req: XY { x: 234, y: 51 }
 DEBUG cursive::views::linear_layout    > Ideal sizes: [XY { x: 0, y: 0 }, XY { x: 1, y: 1 }]
 DEBUG cursive::views::linear_layout    > Ideal result: XY { x: 1, y: 1 }
 DEBUG cursive::views::linear_layout    > Req: XY { x: 10, y: 1 }
 DEBUG cursive::views::linear_layout    > Ideal sizes: [XY { x: 0, y: 0 }, XY { x: 1, y: 1 }]
 DEBUG cursive::views::linear_layout    > Ideal result: XY { x: 1, y: 1 }
 DEBUG cursive::views::linear_layout    > Req: XY { x: 234, y: 51 }
 DEBUG cursive::views::linear_layout    > Ideal sizes: [XY { x: 0, y: 0 }, XY { x: 1, y: 1 }]
 DEBUG cursive::views::linear_layout    > Ideal result: XY { x: 1, y: 1 }
 DEBUG cursive::views::linear_layout    > Req: XY { x: 10, y: 1 }
 DEBUG cursive::views::linear_layout    > Ideal sizes: [XY { x: 0, y: 0 }, XY { x: 1, y: 1 }]
 DEBUG cursive::views::linear_layout    > Ideal result: XY { x: 1, y: 1 }
 DEBUG cursive::views::linear_layout    > Req: XY { x: 234, y: 51 }
 DEBUG cursive::views::linear_layout    > Ideal sizes: [XY { x: 0, y: 0 }, XY { x: 1, y: 1 }]
 DEBUG cursive::views::linear_layout    > Ideal result: XY { x: 1, y: 1 }
 DEBUG cursive::views::linear_layout    > Req: XY { x: 10, y: 1 }
 DEBUG cursive::views::linear_layout    > Ideal sizes: [XY { x: 0, y: 0 }, XY { x: 1, y: 1 }]
 DEBUG cursive::views::linear_layout    > Ideal result: XY { x: 1, y: 1 }
 DEBUG cursive::views::linear_layout    > Req: XY { x: 234, y: 51 }
 DEBUG cursive::views::linear_layout    > Ideal sizes: [XY { x: 0, y: 0 }, XY { x: 1, y: 1 }]
 DEBUG cursive::views::linear_layout    > Ideal result: XY { x: 1, y: 1 }
 DEBUG cursive::views::linear_layout    > Req: XY { x: 10, y: 1 }
 DEBUG cursive::views::linear_layout    > Ideal sizes: [XY { x: 0, y: 0 }, XY { x: 1, y: 1 }]
 DEBUG cursive::views::linear_layout    > Ideal result: XY { x: 1, y: 1 }
 DEBUG cursive::views::linear_layout    > Req: XY { x: 234, y: 51 }
 DEBUG cursive::views::linear_layout    > Ideal sizes: [XY { x: 0, y: 0 }, XY { x: 1, y: 1 }]
 DEBUG cursive::views::linear_layout    > Ideal result: XY { x: 1, y: 1 }
 DEBUG cursive::views::linear_layout    > Req: XY { x: 10, y: 1 }
 DEBUG cursive::views::linear_layout    > Ideal sizes: [XY { x: 0, y: 0 }, XY { x: 1, y: 1 }]
 DEBUG cursive::views::linear_layout    > Ideal result: XY { x: 1, y: 1 }
 DEBUG cursive::views::linear_layout    > Req: XY { x: 234, y: 51 }
 DEBUG cursive::views::linear_layout    > Ideal sizes: [XY { x: 0, y: 0 }, XY { x: 1, y: 1 }]
 DEBUG cursive::views::linear_layout    > Ideal result: XY { x: 1, y: 1 }
 DEBUG cursive::views::linear_layout    > Req: XY { x: 10, y: 1 }
 DEBUG cursive::views::linear_layout    > Ideal sizes: [XY { x: 0, y: 0 }, XY { x: 1, y: 1 }]
 DEBUG cursive::views::linear_layout    > Ideal result: XY { x: 1, y: 1 }
 DEBUG cursive::views::linear_layout    > Req: XY { x: 234, y: 51 }
 DEBUG cursive::views::linear_layout    > Ideal sizes: [XY { x: 0, y: 0 }, XY { x: 1, y: 1 }]
 DEBUG cursive::views::linear_layout    > Ideal result: XY { x: 1, y: 1 }
 DEBUG cursive::views::linear_layout    > Req: XY { x: 10, y: 1 }
 DEBUG cursive::views::linear_layout    > Ideal sizes: [XY { x: 0, y: 0 }, XY { x: 1, y: 1 }]
 DEBUG cursive::views::linear_layout    > Ideal result: XY { x: 1, y: 1 }
 DEBUG cursive::views::linear_layout    > Req: XY { x: 234, y: 51 }
 DEBUG cursive::views::linear_layout    > Ideal sizes: [XY { x: 0, y: 0 }, XY { x: 1, y: 1 }]
 DEBUG cursive::views::linear_layout    > Ideal result: XY { x: 1, y: 1 }
 DEBUG cursive::views::linear_layout    > Req: XY { x: 10, y: 1 }
 DEBUG cursive::views::linear_layout    > Ideal sizes: [XY { x: 0, y: 0 }, XY { x: 1, y: 1 }]
 DEBUG cursive::views::linear_layout    > Ideal result: XY { x: 1, y: 1 }
 DEBUG cursive::views::linear_layout    > Req: XY { x: 234, y: 51 }
 DEBUG cursive::views::linear_layout    > Ideal sizes: [XY { x: 0, y: 0 }, XY { x: 1, y: 1 }]
 DEBUG cursive::views::linear_layout    > Ideal result: XY { x: 1, y: 1 }
 DEBUG cursive::views::linear_layout    > Req: XY { x: 10, y: 1 }
 DEBUG cursive::views::linear_layout    > Ideal sizes: [XY { x: 0, y: 0 }, XY { x: 1, y: 1 }]
 DEBUG cursive::views::linear_layout    > Ideal result: XY { x: 1, y: 1 }
 DEBUG cursive::views::linear_layout    > Req: XY { x: 234, y: 51 }
 DEBUG cursive::views::linear_layout    > Ideal sizes: [XY { x: 0, y: 0 }, XY { x: 1, y: 1 }]
 DEBUG cursive::views::linear_layout    > Ideal result: XY { x: 1, y: 1 }
 DEBUG cursive::views::linear_layout    > Req: XY { x: 10, y: 1 }
 DEBUG cursive::views::linear_layout    > Ideal sizes: [XY { x: 0, y: 0 }, XY { x: 1, y: 1 }]
 DEBUG cursive::views::linear_layout    > Ideal result: XY { x: 1, y: 1 }
 DEBUG cursive::views::linear_layout    > Req: XY { x: 234, y: 51 }
 DEBUG cursive::views::linear_layout    > Ideal sizes: [XY { x: 0, y: 0 }, XY { x: 1, y: 1 }]
 DEBUG cursive::views::linear_layout    > Ideal result: XY { x: 1, y: 1 }
 DEBUG cursive::views::linear_layout    > Req: XY { x: 10, y: 1 }
 DEBUG cursive::views::linear_layout    > Ideal sizes: [XY { x: 0, y: 0 }, XY { x: 1, y: 1 }]
 DEBUG cursive::views::linear_layout    > Ideal result: XY { x: 1, y: 1 }
 DEBUG cursive::views::linear_layout    > Req: XY { x: 234, y: 51 }
 DEBUG cursive::views::linear_layout    > Ideal sizes: [XY { x: 0, y: 0 }, XY { x: 1, y: 1 }]
 DEBUG cursive::views::linear_layout    > Ideal result: XY { x: 1, y: 1 }
 DEBUG cursive::views::linear_layout    > Req: XY { x: 10, y: 1 }
 DEBUG cursive::views::linear_layout    > Ideal sizes: [XY { x: 0, y: 0 }, XY { x: 1, y: 1 }]
 DEBUG cursive::views::linear_layout    > Ideal result: XY { x: 1, y: 1 }
 DEBUG cursive::views::linear_layout    > Req: XY { x: 234, y: 51 }
 DEBUG cursive::views::linear_layout    > Ideal sizes: [XY { x: 0, y: 0 }, XY { x: 1, y: 1 }]
 DEBUG cursive::views::linear_layout    > Ideal result: XY { x: 1, y: 1 }
 DEBUG cursive::views::linear_layout    > Req: XY { x: 10, y: 1 }
 DEBUG cursive::views::linear_layout    > Ideal sizes: [XY { x: 0, y: 0 }, XY { x: 1, y: 1 }]
 DEBUG cursive::views::linear_layout    > Ideal result: XY { x: 1, y: 1 }
 DEBUG cursive::views::linear_layout    > Req: XY { x: 234, y: 51 }
 DEBUG cursive::views::linear_layout    > Ideal sizes: [XY { x: 0, y: 0 }, XY { x: 1, y: 1 }]
 DEBUG cursive::views::linear_layout    > Ideal result: XY { x: 1, y: 1 }
 DEBUG cursive::views::linear_layout    > Req: XY { x: 10, y: 1 }
 DEBUG cursive::views::linear_layout    > Ideal sizes: [XY { x: 0, y: 0 }, XY { x: 1, y: 1 }]
 DEBUG cursive::views::linear_layout    > Ideal result: XY { x: 1, y: 1 }
 DEBUG cursive::views::linear_layout    > Req: XY { x: 234, y: 51 }
 DEBUG cursive::views::linear_layout    > Ideal sizes: [XY { x: 0, y: 0 }, XY { x: 1, y: 1 }]
 DEBUG cursive::views::linear_layout    > Ideal result: XY { x: 1, y: 1 }
 DEBUG cursive::views::linear_layout    > Req: XY { x: 10, y: 1 }
 DEBUG cursive::views::linear_layout    > Ideal sizes: [XY { x: 0, y: 0 }, XY { x: 1, y: 1 }]
 DEBUG cursive::views::linear_layout    > Ideal result: XY { x: 1, y: 1 }
 DEBUG cursive::views::linear_layout    > Req: XY { x: 234, y: 51 }
 DEBUG cursive::views::linear_layout    > Ideal sizes: [XY { x: 0, y: 0 }, XY { x: 1, y: 1 }]
 DEBUG cursive::views::linear_layout    > Ideal result: XY { x: 1, y: 1 }
 DEBUG cursive::views::linear_layout    > Req: XY { x: 10, y: 1 }
 DEBUG cursive::views::linear_layout    > Ideal sizes: [XY { x: 0, y: 0 }, XY { x: 1, y: 1 }]
 DEBUG cursive::views::linear_layout    > Ideal result: XY { x: 1, y: 1 }
 DEBUG cursive::views::linear_layout    > Req: XY { x: 234, y: 51 }
 DEBUG cursive::views::linear_layout    > Ideal sizes: [XY { x: 0, y: 0 }, XY { x: 1, y: 1 }]
 DEBUG cursive::views::linear_layout    > Ideal result: XY { x: 1, y: 1 }
 DEBUG cursive::views::linear_layout    > Req: XY { x: 10, y: 1 }
 DEBUG cursive::views::linear_layout    > Ideal sizes: [XY { x: 0, y: 0 }, XY { x: 1, y: 1 }]
 DEBUG cursive::views::linear_layout    > Ideal result: XY { x: 1, y: 1 }
 DEBUG cursive::views::linear_layout    > Req: XY { x: 234, y: 51 }
 DEBUG cursive::views::linear_layout    > Ideal sizes: [XY { x: 0, y: 0 }, XY { x: 1, y: 1 }]
 DEBUG cursive::views::linear_layout    > Ideal result: XY { x: 1, y: 1 }
 DEBUG cursive::views::linear_layout    > Req: XY { x: 10, y: 1 }
 DEBUG cursive::views::linear_layout    > Ideal sizes: [XY { x: 0, y: 0 }, XY { x: 1, y: 1 }]
 DEBUG cursive::views::linear_layout    > Ideal result: XY { x: 1, y: 1 }
 DEBUG cursive::views::linear_layout    > Req: XY { x: 234, y: 51 }
 DEBUG cursive::views::linear_layout    > Ideal sizes: [XY { x: 0, y: 0 }, XY { x: 1, y: 1 }]
 DEBUG cursive::views::linear_layout    > Ideal result: XY { x: 1, y: 1 }
 DEBUG cursive::views::linear_layout    > Req: XY { x: 10, y: 1 }
 DEBUG cursive::views::linear_layout    > Ideal sizes: [XY { x: 0, y: 0 }, XY { x: 1, y: 1 }]
 DEBUG cursive::views::linear_layout    > Ideal result: XY { x: 1, y: 1 }
 DEBUG cursive::views::linear_layout    > Req: XY { x: 234, y: 51 }
 DEBUG cursive::views::linear_layout    > Ideal sizes: [XY { x: 0, y: 0 }, XY { x: 1, y: 1 }]
 DEBUG cursive::views::linear_layout    > Ideal result: XY { x: 1, y: 1 }
 DEBUG cursive::views::linear_layout    > Req: XY { x: 10, y: 1 }
 DEBUG cursive::views::linear_layout    > Ideal sizes: [XY { x: 0, y: 0 }, XY { x: 1, y: 1 }]
 DEBUG cursive::views::linear_layout    > Ideal result: XY { x: 1, y: 1 }
 DEBUG cursive::views::linear_layout    > Req: XY { x: 234, y: 51 }
 DEBUG cursive::views::linear_layout    > Ideal sizes: [XY { x: 0, y: 0 }, XY { x: 1, y: 1 }]
 DEBUG cursive::views::linear_layout    > Ideal result: XY { x: 1, y: 1 }
 DEBUG cursive::views::linear_layout    > Req: XY { x: 10, y: 1 }
 DEBUG cursive::views::linear_layout    > Ideal sizes: [XY { x: 0, y: 0 }, XY { x: 1, y: 1 }]
 DEBUG cursive::views::linear_layout    > Ideal result: XY { x: 1, y: 1 }
 DEBUG cursive::views::linear_layout    > Req: XY { x: 234, y: 51 }
 DEBUG cursive::views::linear_layout    > Ideal sizes: [XY { x: 0, y: 0 }, XY { x: 1, y: 1 }]
 DEBUG cursive::views::linear_layout    > Ideal result: XY { x: 1, y: 1 }
 DEBUG cursive::views::linear_layout    > Req: XY { x: 10, y: 1 }
 DEBUG cursive::views::linear_layout    > Ideal sizes: [XY { x: 0, y: 0 }, XY { x: 1, y: 1 }]
 DEBUG cursive::views::linear_layout    > Ideal result: XY { x: 1, y: 1 }
 DEBUG cursive::views::linear_layout    > Req: XY { x: 234, y: 51 }
 DEBUG cursive::views::linear_layout    > Ideal sizes: [XY { x: 0, y: 0 }, XY { x: 1, y: 1 }]
 DEBUG cursive::views::linear_layout    > Ideal result: XY { x: 1, y: 1 }
 DEBUG cursive::views::linear_layout    > Req: XY { x: 10, y: 1 }
 DEBUG cursive::views::linear_layout    > Ideal sizes: [XY { x: 0, y: 0 }, XY { x: 1, y: 1 }]
 DEBUG cursive::views::linear_layout    > Ideal result: XY { x: 1, y: 1 }
 DEBUG cursive::views::linear_layout    > Req: XY { x: 234, y: 51 }
 DEBUG cursive::views::linear_layout    > Ideal sizes: [XY { x: 0, y: 0 }, XY { x: 1, y: 1 }]
 DEBUG cursive::views::linear_layout    > Ideal result: XY { x: 1, y: 1 }
 DEBUG cursive::views::linear_layout    > Req: XY { x: 10, y: 1 }
 DEBUG cursive::views::linear_layout    > Ideal sizes: [XY { x: 0, y: 0 }, XY { x: 1, y: 1 }]
 DEBUG cursive::views::linear_layout    > Ideal result: XY { x: 1, y: 1 }
 DEBUG cursive::views::linear_layout    > Req: XY { x: 234, y: 51 }
 DEBUG cursive::views::linear_layout    > Ideal sizes: [XY { x: 0, y: 0 }, XY { x: 1, y: 1 }]
 DEBUG cursive::views::linear_layout    > Ideal result: XY { x: 1, y: 1 }
 DEBUG cursive::views::linear_layout    > Req: XY { x: 10, y: 1 }
 DEBUG cursive::views::linear_layout    > Ideal sizes: [XY { x: 0, y: 0 }, XY { x: 1, y: 1 }]
 DEBUG cursive::views::linear_layout    > Ideal result: XY { x: 1, y: 1 }
 DEBUG cursive::views::linear_layout    > Req: XY { x: 234, y: 51 }
 DEBUG cursive::views::linear_layout    > Ideal sizes: [XY { x: 0, y: 0 }, XY { x: 1, y: 1 }]
 DEBUG cursive::views::linear_layout    > Ideal result: XY { x: 1, y: 1 }
 DEBUG cursive::views::linear_layout    > Req: XY { x: 10, y: 1 }
 DEBUG cursive::views::linear_layout    > Ideal sizes: [XY { x: 0, y: 0 }, XY { x: 1, y: 1 }]
 DEBUG cursive::views::linear_layout    > Ideal result: XY { x: 1, y: 1 }
 DEBUG cursive::views::linear_layout    > Req: XY { x: 234, y: 51 }
 DEBUG cursive::views::linear_layout    > Ideal sizes: [XY { x: 0, y: 0 }, XY { x: 1, y: 1 }]
 DEBUG cursive::views::linear_layout    > Ideal result: XY { x: 1, y: 1 }
 DEBUG cursive::views::linear_layout    > Req: XY { x: 10, y: 1 }
 DEBUG cursive::views::linear_layout    > Ideal sizes: [XY { x: 0, y: 0 }, XY { x: 1, y: 1 }]
 DEBUG cursive::views::linear_layout    > Ideal result: XY { x: 1, y: 1 }
 DEBUG cursive::views::linear_layout    > Req: XY { x: 234, y: 51 }
 DEBUG cursive::views::linear_layout    > Ideal sizes: [XY { x: 0, y: 0 }, XY { x: 1, y: 1 }]
 DEBUG cursive::views::linear_layout    > Ideal result: XY { x: 1, y: 1 }
 DEBUG cursive::views::linear_layout    > Req: XY { x: 10, y: 1 }
 DEBUG cursive::views::linear_layout    > Ideal sizes: [XY { x: 0, y: 0 }, XY { x: 1, y: 1 }]
 DEBUG cursive::views::linear_layout    > Ideal result: XY { x: 1, y: 1 }
 DEBUG cursive::views::linear_layout    > Req: XY { x: 234, y: 51 }
 DEBUG cursive::views::linear_layout    > Ideal sizes: [XY { x: 0, y: 0 }, XY { x: 1, y: 1 }]
 DEBUG cursive::views::linear_layout    > Ideal result: XY { x: 1, y: 1 }
 DEBUG cursive::views::linear_layout    > Req: XY { x: 10, y: 1 }
 DEBUG cursive::views::linear_layout    > Ideal sizes: [XY { x: 0, y: 0 }, XY { x: 1, y: 1 }]
 DEBUG cursive::views::linear_layout    > Ideal result: XY { x: 1, y: 1 }
 DEBUG cursive::views::linear_layout    > Req: XY { x: 234, y: 51 }
 DEBUG cursive::views::linear_layout    > Ideal sizes: [XY { x: 0, y: 0 }, XY { x: 1, y: 1 }]
 DEBUG cursive::views::linear_layout    > Ideal result: XY { x: 1, y: 1 }
 DEBUG cursive::views::linear_layout    > Req: XY { x: 10, y: 1 }
 DEBUG cursive::views::linear_layout    > Ideal sizes: [XY { x: 0, y: 0 }, XY { x: 1, y: 1 }]
 DEBUG cursive::views::linear_layout    > Ideal result: XY { x: 1, y: 1 }
 DEBUG cursive::views::linear_layout    > Req: XY { x: 234, y: 51 }
 DEBUG cursive::views::linear_layout    > Ideal sizes: [XY { x: 0, y: 0 }, XY { x: 1, y: 1 }]
 DEBUG cursive::views::linear_layout    > Ideal result: XY { x: 1, y: 1 }
 DEBUG cursive::views::linear_layout    > Req: XY { x: 10, y: 1 }
 DEBUG cursive::views::linear_layout    > Ideal sizes: [XY { x: 0, y: 0 }, XY { x: 1, y: 1 }]
 DEBUG cursive::views::linear_layout    > Ideal result: XY { x: 1, y: 1 }
 DEBUG cursive::views::linear_layout    > Req: XY { x: 234, y: 51 }
 DEBUG cursive::views::linear_layout    > Ideal sizes: [XY { x: 0, y: 0 }, XY { x: 1, y: 1 }]
 DEBUG cursive::views::linear_layout    > Ideal result: XY { x: 1, y: 1 }
 DEBUG cursive::views::linear_layout    > Req: XY { x: 10, y: 1 }
 DEBUG cursive::views::linear_layout    > Ideal sizes: [XY { x: 0, y: 0 }, XY { x: 1, y: 1 }]
 DEBUG cursive::views::linear_layout    > Ideal result: XY { x: 1, y: 1 }
 DEBUG cursive::views::linear_layout    > Req: XY { x: 234, y: 51 }
 DEBUG cursive::views::linear_layout    > Ideal sizes: [XY { x: 0, y: 0 }, XY { x: 1, y: 1 }]
 DEBUG cursive::views::linear_layout    > Ideal result: XY { x: 1, y: 1 }
 DEBUG cursive::views::linear_layout    > Req: XY { x: 10, y: 1 }
 DEBUG cursive::views::linear_layout    > Ideal sizes: [XY { x: 0, y: 0 }, XY { x: 1, y: 1 }]
 DEBUG cursive::views::linear_layout    > Ideal result: XY { x: 1, y: 1 }
 DEBUG cursive::views::linear_layout    > Req: XY { x: 234, y: 51 }
 DEBUG cursive::views::linear_layout    > Ideal sizes: [XY { x: 0, y: 0 }, XY { x: 1, y: 1 }]
 DEBUG cursive::views::linear_layout    > Ideal result: XY { x: 1, y: 1 }
 DEBUG cursive::views::linear_layout    > Req: XY { x: 10, y: 1 }
 DEBUG cursive::views::linear_layout    > Ideal sizes: [XY { x: 0, y: 0 }, XY { x: 1, y: 1 }]
 DEBUG cursive::views::linear_layout    > Ideal result: XY { x: 1, y: 1 }
 DEBUG cursive::views::linear_layout    > Req: XY { x: 234, y: 51 }
 DEBUG cursive::views::linear_layout    > Ideal sizes: [XY { x: 0, y: 0 }, XY { x: 1, y: 1 }]
 DEBUG cursive::views::linear_layout    > Ideal result: XY { x: 1, y: 1 }
 DEBUG cursive::views::linear_layout    > Req: XY { x: 10, y: 1 }
 DEBUG cursive::views::linear_layout    > Ideal sizes: [XY { x: 0, y: 0 }, XY { x: 1, y: 1 }]
 DEBUG cursive::views::linear_layout    > Ideal result: XY { x: 1, y: 1 }
 DEBUG cursive::views::linear_layout    > Req: XY { x: 234, y: 51 }
 DEBUG cursive::views::linear_layout    > Ideal sizes: [XY { x: 0, y: 0 }, XY { x: 1, y: 1 }]
 DEBUG cursive::views::linear_layout    > Ideal result: XY { x: 1, y: 1 }
 DEBUG cursive::views::linear_layout    > Req: XY { x: 10, y: 1 }
 DEBUG cursive::views::linear_layout    > Ideal sizes: [XY { x: 0, y: 0 }, XY { x: 1, y: 1 }]
 DEBUG cursive::views::linear_layout    > Ideal result: XY { x: 1, y: 1 }
 DEBUG cursive::views::linear_layout    > Req: XY { x: 234, y: 51 }
 DEBUG cursive::views::linear_layout    > Ideal sizes: [XY { x: 0, y: 0 }, XY { x: 1, y: 1 }]
 DEBUG cursive::views::linear_layout    > Ideal result: XY { x: 1, y: 1 }
 DEBUG cursive::views::linear_layout    > Req: XY { x: 10, y: 1 }
 DEBUG cursive::views::linear_layout    > Ideal sizes: [XY { x: 0, y: 0 }, XY { x: 1, y: 1 }]
 DEBUG cursive::views::linear_layout    > Ideal result: XY { x: 1, y: 1 }
 DEBUG cursive::views::linear_layout    > Req: XY { x: 234, y: 51 }
 DEBUG cursive::views::linear_layout    > Ideal sizes: [XY { x: 0, y: 0 }, XY { x: 1, y: 1 }]
 DEBUG cursive::views::linear_layout    > Ideal result: XY { x: 1, y: 1 }
 DEBUG cursive::views::linear_layout    > Req: XY { x: 10, y: 1 }
 DEBUG cursive::views::linear_layout    > Ideal sizes: [XY { x: 0, y: 0 }, XY { x: 1, y: 1 }]
 DEBUG cursive::views::linear_layout    > Ideal result: XY { x: 1, y: 1 }
 DEBUG cursive::views::linear_layout    > Req: XY { x: 234, y: 51 }
 DEBUG cursive::views::linear_layout    > Ideal sizes: [XY { x: 0, y: 0 }, XY { x: 1, y: 1 }]
 DEBUG cursive::views::linear_layout    > Ideal result: XY { x: 1, y: 1 }
 DEBUG cursive::views::linear_layout    > Req: XY { x: 10, y: 1 }
 DEBUG cursive::views::linear_layout    > Ideal sizes: [XY { x: 0, y: 0 }, XY { x: 1, y: 1 }]
 DEBUG cursive::views::linear_layout    > Ideal result: XY { x: 1, y: 1 }
 DEBUG cursive::views::linear_layout    > Req: XY { x: 234, y: 51 }
 DEBUG cursive::views::linear_layout    > Ideal sizes: [XY { x: 0, y: 0 }, XY { x: 1, y: 1 }]
 DEBUG cursive::views::linear_layout    > Ideal result: XY { x: 1, y: 1 }
 DEBUG cursive::views::linear_layout    > Req: XY { x: 10, y: 1 }
 DEBUG cursive::views::linear_layout    > Ideal sizes: [XY { x: 0, y: 0 }, XY { x: 1, y: 1 }]
 DEBUG cursive::views::linear_layout    > Ideal result: XY { x: 1, y: 1 }
 DEBUG cursive::views::linear_layout    > Req: XY { x: 234, y: 51 }
 DEBUG cursive::views::linear_layout    > Ideal sizes: [XY { x: 0, y: 0 }, XY { x: 1, y: 1 }]
 DEBUG cursive::views::linear_layout    > Ideal result: XY { x: 1, y: 1 }
 DEBUG cursive::views::linear_layout    > Req: XY { x: 10, y: 1 }
 DEBUG cursive::views::linear_layout    > Ideal sizes: [XY { x: 0, y: 0 }, XY { x: 1, y: 1 }]
 DEBUG cursive::views::linear_layout    > Ideal result: XY { x: 1, y: 1 }
 DEBUG cursive::views::linear_layout    > Req: XY { x: 234, y: 51 }
 DEBUG cursive::views::linear_layout    > Ideal sizes: [XY { x: 0, y: 0 }, XY { x: 1, y: 1 }]
 DEBUG cursive::views::linear_layout    > Ideal result: XY { x: 1, y: 1 }
 DEBUG cursive::views::linear_layout    > Req: XY { x: 10, y: 1 }
 DEBUG cursive::views::linear_layout    > Ideal sizes: [XY { x: 0, y: 0 }, XY { x: 1, y: 1 }]
 DEBUG cursive::views::linear_layout    > Ideal result: XY { x: 1, y: 1 }
 DEBUG cursive::views::linear_layout    > Req: XY { x: 234, y: 51 }
 DEBUG cursive::views::linear_layout    > Ideal sizes: [XY { x: 0, y: 0 }, XY { x: 1, y: 1 }]
 DEBUG cursive::views::linear_layout    > Ideal result: XY { x: 1, y: 1 }
 DEBUG cursive::views::linear_layout    > Req: XY { x: 10, y: 1 }
 DEBUG cursive::views::linear_layout    > Ideal sizes: [XY { x: 0, y: 0 }, XY { x: 1, y: 1 }]
 DEBUG cursive::views::linear_layout    > Ideal result: XY { x: 1, y: 1 }
 DEBUG cursive::views::linear_layout    > Req: XY { x: 234, y: 51 }
 DEBUG cursive::views::linear_layout    > Ideal sizes: [XY { x: 0, y: 0 }, XY { x: 1, y: 1 }]
 DEBUG cursive::views::linear_layout    > Ideal result: XY { x: 1, y: 1 }
 DEBUG cursive::views::linear_layout    > Req: XY { x: 10, y: 1 }
 DEBUG cursive::views::linear_layout    > Ideal sizes: [XY { x: 0, y: 0 }, XY { x: 1, y: 1 }]
 DEBUG cursive::views::linear_layout    > Ideal result: XY { x: 1, y: 1 }
 DEBUG cursive::views::linear_layout    > Req: XY { x: 234, y: 51 }
 DEBUG cursive::views::linear_layout    > Ideal sizes: [XY { x: 0, y: 0 }, XY { x: 1, y: 1 }]
 DEBUG cursive::views::linear_layout    > Ideal result: XY { x: 1, y: 1 }
 DEBUG cursive::views::linear_layout    > Req: XY { x: 10, y: 1 }
 DEBUG cursive::views::linear_layout    > Ideal sizes: [XY { x: 0, y: 0 }, XY { x: 1, y: 1 }]
 DEBUG cursive::views::linear_layout    > Ideal result: XY { x: 1, y: 1 }
 DEBUG cursive::views::linear_layout    > Req: XY { x: 234, y: 51 }
 DEBUG cursive::views::linear_layout    > Ideal sizes: [XY { x: 0, y: 0 }, XY { x: 1, y: 1 }]
 DEBUG cursive::views::linear_layout    > Ideal result: XY { x: 1, y: 1 }
 DEBUG cursive::views::linear_layout    > Req: XY { x: 10, y: 1 }
 DEBUG cursive::views::linear_layout    > Ideal sizes: [XY { x: 0, y: 0 }, XY { x: 1, y: 1 }]
 DEBUG cursive::views::linear_layout    > Ideal result: XY { x: 1, y: 1 }
 DEBUG cursive::views::linear_layout    > Req: XY { x: 234, y: 51 }
 DEBUG cursive::views::linear_layout    > Ideal sizes: [XY { x: 0, y: 0 }, XY { x: 1, y: 1 }]
 DEBUG cursive::views::linear_layout    > Ideal result: XY { x: 1, y: 1 }
 DEBUG cursive::views::linear_layout    > Req: XY { x: 10, y: 1 }
 DEBUG cursive::views::linear_layout    > Ideal sizes: [XY { x: 0, y: 0 }, XY { x: 1, y: 1 }]
 DEBUG cursive::views::linear_layout    > Ideal result: XY { x: 1, y: 1 }
 DEBUG cursive::views::linear_layout    > Req: XY { x: 234, y: 51 }
 DEBUG cursive::views::linear_layout    > Ideal sizes: [XY { x: 0, y: 0 }, XY { x: 1, y: 1 }]
 DEBUG cursive::views::linear_layout    > Ideal result: XY { x: 1, y: 1 }
 DEBUG cursive::views::linear_layout    > Req: XY { x: 10, y: 1 }
 DEBUG cursive::views::linear_layout    > Ideal sizes: [XY { x: 0, y: 0 }, XY { x: 1, y: 1 }]
 DEBUG cursive::views::linear_layout    > Ideal result: XY { x: 1, y: 1 }
 DEBUG cursive::views::linear_layout    > Req: XY { x: 234, y: 51 }
 DEBUG cursive::views::linear_layout    > Ideal sizes: [XY { x: 0, y: 0 }, XY { x: 1, y: 1 }]
 DEBUG cursive::views::linear_layout    > Ideal result: XY { x: 1, y: 1 }
 DEBUG cursive::views::linear_layout    > Req: XY { x: 10, y: 1 }
 DEBUG cursive::views::linear_layout    > Ideal sizes: [XY { x: 0, y: 0 }, XY { x: 1, y: 1 }]
 DEBUG cursive::views::linear_layout    > Ideal result: XY { x: 1, y: 1 }
 DEBUG cursive::views::linear_layout    > Req: XY { x: 234, y: 51 }
 DEBUG cursive::views::linear_layout    > Ideal sizes: [XY { x: 0, y: 0 }, XY { x: 1, y: 1 }]
 DEBUG cursive::views::linear_layout    > Ideal result: XY { x: 1, y: 1 }
 DEBUG cursive::views::linear_layout    > Req: XY { x: 10, y: 1 }
 DEBUG cursive::views::linear_layout    > Ideal sizes: [XY { x: 0, y: 0 }, XY { x: 1, y: 1 }]
 DEBUG cursive::views::linear_layout    > Ideal result: XY { x: 1, y: 1 }
 DEBUG cursive::views::linear_layout    > Req: XY { x: 234, y: 51 }
 DEBUG cursive::views::linear_layout    > Ideal sizes: [XY { x: 0, y: 0 }, XY { x: 1, y: 1 }]
 DEBUG cursive::views::linear_layout    > Ideal result: XY { x: 1, y: 1 }
 DEBUG cursive::views::linear_layout    > Req: XY { x: 10, y: 1 }
 DEBUG cursive::views::linear_layout    > Ideal sizes: [XY { x: 0, y: 0 }, XY { x: 1, y: 1 }]
 DEBUG cursive::views::linear_layout    > Ideal result: XY { x: 1, y: 1 }
 DEBUG cursive::views::linear_layout    > Req: XY { x: 234, y: 51 }
 DEBUG cursive::views::linear_layout    > Ideal sizes: [XY { x: 0, y: 0 }, XY { x: 1, y: 1 }]
 DEBUG cursive::views::linear_layout    > Ideal result: XY { x: 1, y: 1 }
 DEBUG cursive::views::linear_layout    > Req: XY { x: 10, y: 1 }
 DEBUG cursive::views::linear_layout    > Ideal sizes: [XY { x: 0, y: 0 }, XY { x: 1, y: 1 }]
 DEBUG cursive::views::linear_layout    > Ideal result: XY { x: 1, y: 1 }
 DEBUG cursive::views::linear_layout    > Req: XY { x: 234, y: 51 }
 DEBUG cursive::views::linear_layout    > Ideal sizes: [XY { x: 0, y: 0 }, XY { x: 1, y: 1 }]
 DEBUG cursive::views::linear_layout    > Ideal result: XY { x: 1, y: 1 }
 DEBUG cursive::views::linear_layout    > Req: XY { x: 10, y: 1 }
 DEBUG cursive::views::linear_layout    > Ideal sizes: [XY { x: 0, y: 0 }, XY { x: 1, y: 1 }]
 DEBUG cursive::views::linear_layout    > Ideal result: XY { x: 1, y: 1 }
 DEBUG cursive::views::linear_layout    > Req: XY { x: 234, y: 51 }
 DEBUG cursive::views::linear_layout    > Ideal sizes: [XY { x: 0, y: 0 }, XY { x: 1, y: 1 }]
 DEBUG cursive::views::linear_layout    > Ideal result: XY { x: 1, y: 1 }
 DEBUG cursive::views::linear_layout    > Req: XY { x: 10, y: 1 }
 DEBUG cursive::views::linear_layout    > Ideal sizes: [XY { x: 0, y: 0 }, XY { x: 1, y: 1 }]
 DEBUG cursive::views::linear_layout    > Ideal result: XY { x: 1, y: 1 }
 DEBUG cursive::views::linear_layout    > Req: XY { x: 234, y: 51 }
 DEBUG cursive::views::linear_layout    > Ideal sizes: [XY { x: 0, y: 0 }, XY { x: 1, y: 1 }]
 DEBUG cursive::views::linear_layout    > Ideal result: XY { x: 1, y: 1 }
 DEBUG cursive::views::linear_layout    > Req: XY { x: 10, y: 1 }
 DEBUG cursive::views::linear_layout    > Ideal sizes: [XY { x: 0, y: 0 }, XY { x: 1, y: 1 }]
 DEBUG cursive::views::linear_layout    > Ideal result: XY { x: 1, y: 1 }
 INFO  glitchy                          > Glitchy is quitting.
 DEBUG tokio_reactor                    > dropping I/O source: 0
